[debug] [2023-11-18T19:48:52.161Z] ----------------------------------------------------------------------
[debug] [2023-11-18T19:48:52.163Z] Command:       C:\Program Files\nodejs\node.exe C:\Users\Surface\AppData\Roaming\npm\node_modules\firebase-tools\lib\bin\firebase.js init
[debug] [2023-11-18T19:48:52.163Z] CLI Version:   12.9.1
[debug] [2023-11-18T19:48:52.164Z] Platform:      win32
[debug] [2023-11-18T19:48:52.164Z] Node Version:  v18.16.0
[debug] [2023-11-18T19:48:52.165Z] Time:          Sun Nov 19 2023 01:18:52 GMT+0530 (India Standard Time)
[debug] [2023-11-18T19:48:52.165Z] ----------------------------------------------------------------------
[debug] 
[debug] [2023-11-18T19:48:52.288Z] > command requires scopes: ["email","openid","https://www.googleapis.com/auth/cloudplatformprojects.readonly","https://www.googleapis.com/auth/firebase","https://www.googleapis.com/auth/cloud-platform"]
[debug] [2023-11-18T19:48:52.289Z] > authorizing via signed-in user (eyemusharraffaijaz@gmail.com)
[info] 
     ######## #### ########  ######## ########     ###     ######  ########
     ##        ##  ##     ## ##       ##     ##  ##   ##  ##       ##
     ######    ##  ########  ######   ########  #########  ######  ######
     ##        ##  ##    ##  ##       ##     ## ##     ##       ## ##
     ##       #### ##     ## ######## ########  ##     ##  ######  ########

You're about to initialize a Firebase project in this directory:

  C:\Users\Surface

Before we get started, keep in mind:

  * You are initializing within an existing Firebase project directory

[info] 
=== Project Setup
[info] 
[info] First, let's associate this project directory with a Firebase project.
[info] You can create multiple project aliases by running firebase use --add, 
[info] but for now we'll just set up a default project.
[info] 
[debug] [2023-11-18T19:49:35.718Z] Using project from CLI flag: thebtechgang
[debug] [2023-11-18T19:49:35.726Z] >>> [apiv2][query] GET https://firebase.googleapis.com/v1beta1/projects/thebtechgang [none]
[debug] [2023-11-18T19:49:36.414Z] <<< [apiv2][status] GET https://firebase.googleapis.com/v1beta1/projects/thebtechgang 403
[debug] [2023-11-18T19:49:36.414Z] <<< [apiv2][body] GET https://firebase.googleapis.com/v1beta1/projects/thebtechgang {"error":{"code":403,"message":"The caller does not have permission","status":"PERMISSION_DENIED"}}
[debug] [2023-11-18T19:49:36.415Z] HTTP Error: 403, The caller does not have permission
[debug] [2023-11-18T19:49:36.656Z] FirebaseError: HTTP Error: 403, The caller does not have permission
    at responseToError (C:\Users\Surface\AppData\Roaming\npm\node_modules\firebase-tools\lib\responseToError.js:49:12)
    at RetryOperation._fn (C:\Users\Surface\AppData\Roaming\npm\node_modules\firebase-tools\lib\apiv2.js:285:77)
    at process.processTicksAndRejections (node:internal/process/task_queues:95:5)
[error] 
[error] Error: Failed to get Firebase project thebtechgang. Please make sure the project exists and your account has permission to access it.
[debug] [2023-11-18T19:49:50.820Z] ----------------------------------------------------------------------
[debug] [2023-11-18T19:49:50.823Z] Command:       C:\Program Files\nodejs\node.exe C:\Users\Surface\AppData\Roaming\npm\node_modules\firebase-tools\lib\bin\firebase.js init
[debug] [2023-11-18T19:49:50.824Z] CLI Version:   12.9.1
[debug] [2023-11-18T19:49:50.824Z] Platform:      win32
[debug] [2023-11-18T19:49:50.824Z] Node Version:  v18.16.0
[debug] [2023-11-18T19:49:50.825Z] Time:          Sun Nov 19 2023 01:19:50 GMT+0530 (India Standard Time)
[debug] [2023-11-18T19:49:50.826Z] ----------------------------------------------------------------------
[debug] 
[debug] [2023-11-18T19:49:50.959Z] > command requires scopes: ["email","openid","https://www.googleapis.com/auth/cloudplatformprojects.readonly","https://www.googleapis.com/auth/firebase","https://www.googleapis.com/auth/cloud-platform"]
[debug] [2023-11-18T19:49:50.959Z] > authorizing via signed-in user (eyemusharraffaijaz@gmail.com)
[info] 
     ######## #### ########  ######## ########     ###     ######  ########
     ##        ##  ##     ## ##       ##     ##  ##   ##  ##       ##
     ######    ##  ########  ######   ########  #########  ######  ######
     ##        ##  ##    ##  ##       ##     ## ##     ##       ## ##
     ##       #### ##     ## ######## ########  ##     ##  ######  ########

You're about to initialize a Firebase project in this directory:

  C:\Users\Surface

Before we get started, keep in mind:

  * You are initializing within an existing Firebase project directory

[info] 
=== Project Setup
[info] 
[info] First, let's associate this project directory with a Firebase project.
[info] You can create multiple project aliases by running firebase use --add, 
[info] but for now we'll just set up a default project.
[info] 
[debug] [2023-11-18T19:50:00.436Z] Using project from CLI flag: thebtechgang
[debug] [2023-11-18T19:50:00.444Z] >>> [apiv2][query] GET https://firebase.googleapis.com/v1beta1/projects/thebtechgang [none]
[debug] [2023-11-18T19:50:01.324Z] <<< [apiv2][status] GET https://firebase.googleapis.com/v1beta1/projects/thebtechgang 403
[debug] [2023-11-18T19:50:01.325Z] <<< [apiv2][body] GET https://firebase.googleapis.com/v1beta1/projects/thebtechgang {"error":{"code":403,"message":"The caller does not have permission","status":"PERMISSION_DENIED"}}
[debug] [2023-11-18T19:50:01.325Z] HTTP Error: 403, The caller does not have permission
[debug] [2023-11-18T19:50:01.550Z] FirebaseError: HTTP Error: 403, The caller does not have permission
    at responseToError (C:\Users\Surface\AppData\Roaming\npm\node_modules\firebase-tools\lib\responseToError.js:49:12)
    at RetryOperation._fn (C:\Users\Surface\AppData\Roaming\npm\node_modules\firebase-tools\lib\apiv2.js:285:77)
    at process.processTicksAndRejections (node:internal/process/task_queues:95:5)
[error] 
[error] Error: Failed to get Firebase project thebtechgang. Please make sure the project exists and your account has permission to access it.
[debug] [2023-11-18T19:50:46.873Z] ----------------------------------------------------------------------
[debug] [2023-11-18T19:50:46.877Z] Command:       C:\Program Files\nodejs\node.exe C:\Users\Surface\AppData\Roaming\npm\node_modules\firebase-tools\lib\bin\firebase.js init
[debug] [2023-11-18T19:50:46.879Z] CLI Version:   12.9.1
[debug] [2023-11-18T19:50:46.879Z] Platform:      win32
[debug] [2023-11-18T19:50:46.880Z] Node Version:  v18.16.0
[debug] [2023-11-18T19:50:46.881Z] Time:          Sun Nov 19 2023 01:20:46 GMT+0530 (India Standard Time)
[debug] [2023-11-18T19:50:46.881Z] ----------------------------------------------------------------------
[debug] 
[debug] [2023-11-18T19:50:47.111Z] > command requires scopes: ["email","openid","https://www.googleapis.com/auth/cloudplatformprojects.readonly","https://www.googleapis.com/auth/firebase","https://www.googleapis.com/auth/cloud-platform"]
[debug] [2023-11-18T19:50:47.112Z] > authorizing via signed-in user (eyemusharraffaijaz@gmail.com)
[info] 
     ######## #### ########  ######## ########     ###     ######  ########
     ##        ##  ##     ## ##       ##     ##  ##   ##  ##       ##
     ######    ##  ########  ######   ########  #########  ######  ######
     ##        ##  ##    ##  ##       ##     ## ##     ##       ## ##
     ##       #### ##     ## ######## ########  ##     ##  ######  ########

You're about to initialize a Firebase project in this directory:

  C:\Users\Surface

Before we get started, keep in mind:

  * You are initializing within an existing Firebase project directory

[info] 
=== Project Setup
[info] 
[info] First, let's associate this project directory with a Firebase project.
[info] You can create multiple project aliases by running firebase use --add, 
[info] but for now we'll just set up a default project.
[info] 
[debug] [2023-11-18T19:51:05.417Z] Using project from CLI flag: thebtechgang
[debug] [2023-11-18T19:51:05.422Z] >>> [apiv2][query] GET https://firebase.googleapis.com/v1beta1/projects/thebtechgang [none]
[debug] [2023-11-18T19:51:06.119Z] <<< [apiv2][status] GET https://firebase.googleapis.com/v1beta1/projects/thebtechgang 403
[debug] [2023-11-18T19:51:06.119Z] <<< [apiv2][body] GET https://firebase.googleapis.com/v1beta1/projects/thebtechgang {"error":{"code":403,"message":"The caller does not have permission","status":"PERMISSION_DENIED"}}
[debug] [2023-11-18T19:51:06.120Z] HTTP Error: 403, The caller does not have permission
[debug] [2023-11-18T19:51:06.365Z] FirebaseError: HTTP Error: 403, The caller does not have permission
    at responseToError (C:\Users\Surface\AppData\Roaming\npm\node_modules\firebase-tools\lib\responseToError.js:49:12)
    at RetryOperation._fn (C:\Users\Surface\AppData\Roaming\npm\node_modules\firebase-tools\lib\apiv2.js:285:77)
    at process.processTicksAndRejections (node:internal/process/task_queues:95:5)
[error] 
[error] Error: Failed to get Firebase project thebtechgang. Please make sure the project exists and your account has permission to access it.
